Log file open, 01/23/15 18:32:01
LogInit:Display: Running engine for game: IdK
LogInit: Version: 4.6.1-2386410+++depot+UE4-Releases+4.6
LogInit: API Version: 2369412
LogInit: Compiled (64-bit): Dec 11 2014 21:31:39
LogInit: Compiled with Visual C++: 18.00.21005.01
LogInit: Build Configuration: Development
LogInit: Branch Name: ++depot+UE4-Releases+4.6
LogInit: Command line: 
LogInit: Base directory: C:/Program Files/Epic Games/4.6/Engine/Binaries/Win64/
LogInit: Rocket: 1
[2015.01.23-17.32.01:731][  0]LogTaskGraph: Started task graph with 3 named threads and 6 total threads.
[2015.01.23-17.32.01:796][  0]LogOnline:Warning: No default platform service specified for OnlineSubsystem
[2015.01.23-17.32.01:842][  0]LogInit: Presizing for 0 objects not considered by GC, pre-allocating 0 bytes.
[2015.01.23-17.32.01:864][  0]LogInit: Object subsystem initialized
[2015.01.23-17.32.01:874][  0]LogInit: Selected Device Profile: [Windows]
[2015.01.23-17.32.01:874][  0]LogInit: Applying CVar settings loaded from the selected device profile: [Windows]
[2015.01.23-17.32.01:887][  0]LogInit: Computer: MACBOOKPRO15R
[2015.01.23-17.32.01:887][  0]LogInit: User: scorpheus
[2015.01.23-17.32.01:887][  0]LogInit: CPU Page size=4096, Cores=4
[2015.01.23-17.32.01:887][  0]LogInit: High frequency timer resolution =2.241010 MHz
[2015.01.23-17.32.01:887][  0]LogMemory: Memory total: Physical=7.9GB (8GB approx) Virtual=131072.0GB
[2015.01.23-17.32.01:888][  0]LogMemory: Platform Memory Stats for Windows
[2015.01.23-17.32.01:888][  0]LogMemory: Process Physical Memory: 46.94 MB used, 46.94 MB peak
[2015.01.23-17.32.01:888][  0]LogMemory: Process Virtual Memory: 24.25 MB used, 24.29 MB peak
[2015.01.23-17.32.01:888][  0]LogMemory: Physical Memory: 2004.63 MB used, 8098.70 MB total
[2015.01.23-17.32.01:888][  0]LogMemory: Virtual Memory: 276.47 MB used, 134217728.00 MB total
[2015.01.23-17.32.01:947][  0]LogD3D11RHI: Found D3D11 adapter 0: NVIDIA GeForce GT 650M (Feature Level 11_0)
[2015.01.23-17.32.01:947][  0]LogD3D11RHI: Adapter has 965MB of dedicated video memory, 0MB of dedicated system memory, and 3072MB of shared system memory, 1 output[s]
[2015.01.23-17.32.01:949][  0]LogD3D11RHI: Found D3D11 adapter 1: Microsoft Basic Render Driver (Feature Level 11_0)
[2015.01.23-17.32.01:949][  0]LogD3D11RHI: Adapter has 0MB of dedicated video memory, 0MB of dedicated system memory, and 256MB of shared system memory, 0 output[s]
[2015.01.23-17.32.01:949][  0]LogD3D11RHI: Chosen D3D11 Adapter Id = 0
[2015.01.23-17.32.01:956][  0]LogRHI: Texture pool is 675 MB (70% of 965 MB)
[2015.01.23-17.32.01:978][  0]LogD3D11RHI: Async texture creation enabled
[2015.01.23-17.32.02:082][  0]LogTextLocalizationManager: The requested culture ('fr_FR') has no localization data; falling back to 'en' for localization and internationalization data.
[2015.01.23-17.32.02:507][  0]LogContentStreaming: Texture pool size is 0.000000MB
[2015.01.23-17.32.17:399][  0]LogTargetPlatformManager:Display: Building Assets For Windows
[2015.01.23-17.32.17:972][  0]LogTargetPlatformManager:Display: Building Assets For Windows
[2015.01.23-17.32.18:022][  0]LogDerivedDataCache:Display: Max Cache Size: 512 MB
[2015.01.23-17.32.18:056][  0]LogDerivedDataCache: Loaded boot cache 0.03s 39MB C:/Users/scorpheus/AppData/Local/UnrealEngine/4.6/DerivedDataCache/Boot.ddc.
[2015.01.23-17.32.18:056][  0]LogDerivedDataCache:Display: Loaded Boot cache: C:/Users/scorpheus/AppData/Local/UnrealEngine/4.6/DerivedDataCache/Boot.ddc
[2015.01.23-17.32.18:056][  0]LogDerivedDataCache: FDerivedDataBackendGraph:  Pak pak cache file ../../../../../../Users/scorpheus/Desktop/IdK/source/IdK/DerivedDataCache/DDC.ddp not found, will not use a pak cache.
[2015.01.23-17.32.18:056][  0]LogDerivedDataCache: Unable to find inner node Pak for hierarchical cache Hierarchy.
[2015.01.23-17.32.18:127][  0]LogDerivedDataCache:Display: Pak cache opened for reading ../../../Engine/DerivedDataCache/DDC.ddp.
[2015.01.23-17.32.18:139][  0]LogDerivedDataCache: Using Local data cache path C:/Users/scorpheus/AppData/Local/UnrealEngine/Common/DerivedDataCache: Writable
[2015.01.23-17.32.18:268][  0]LogCollisionProfile:Warning: Profile (UI) - Custom Channel Name = 'Weapon' hasn't been found
[2015.01.23-17.32.18:410][  0]LogMeshUtilities: No automatic mesh reduction module available
[2015.01.23-17.32.18:410][  0]LogMeshUtilities: No automatic mesh merging module available
[2015.01.23-17.32.18:887][  0]LogInit: WinSock: version 1.1 (2.2), MaxSocks=32767, MaxUdp=65467
[2015.01.23-17.32.18:940][  0]LogSlate:Warning: Failed to load font data from '../../../Engine/Content/Slate/Fonts/Roboto-Italic.ttf'
[2015.01.23-17.32.19:897][  0]UdpMessaging: Initializing bridge on interface 0.0.0.0:0 to multicast group 230.0.0.1:6666.
[2015.01.23-17.32.20:051][  0]LogDirectoryWatcher:Warning: Failed to begin reading directory changes for C:/Users/scorpheus/Desktop/IdK/source/IdK/Binaries/Win64. Error: 0
[2015.01.23-17.32.20:190][  0]SourceControl: Info Source control is disabled
[2015.01.23-17.32.20:191][  0]SourceControl: Info Source control is disabled
[2015.01.23-17.32.20:197][  0]SourceControl: Info Source control is disabled
[2015.01.23-17.32.20:309][  0]LogObj: 23754 objects as part of root set at end of initial load.
[2015.01.23-17.32.20:309][  0]LogUObjectAllocator: 5168136 out of 0 bytes used by permanent object pool.
[2015.01.23-17.32.20:364][  0]LogEngine: Initializing Engine...
[2015.01.23-17.32.20:509][  0]LogInit: XAudio2 using 'Speakers (Cirrus Logic CS4206B (AB 40))' : 4 channels at 48 kHz using 32 bits per sample (channel mask 0x33)
[2015.01.23-17.32.20:523][  0]LogInit: FAudioDevice initialized.
[2015.01.23-17.32.20:541][  0]LogAIModule: Creating AISystem for world NewWorld
[2015.01.23-17.32.20:560][  0]LogDerivedDataCache: Saved boot cache 0.02s 39MB C:/Users/scorpheus/AppData/Local/UnrealEngine/4.6/DerivedDataCache/Boot.ddc.
[2015.01.23-17.32.20:563][  0]LogInit: Texture streaming: Enabled
[2015.01.23-17.32.20:589][  0]LogAnalytics: Creating configured Analytics provider AnalyticsET
[2015.01.23-17.32.20:589][  0]LogAnalytics: ET APIKey = Rocket.Release. APIServer = http://et2.epicgames.com/ET2/. AppVersion = 4.6.1-2386410+++depot+UE4-Releases+4.6
[2015.01.23-17.32.20:589][  0]LogAnalytics: SetUserId b3902d7df56ae4ebd2237e470e7ca654
[2015.01.23-17.32.20:589][  0]LogAnalytics: AnalyticsET::StartSession [Rocket.Release]
[2015.01.23-17.32.20:603][  0]LogInit: Transaction tracking system initialized
[2015.01.23-17.32.20:688][  0]BlueprintLog: New page: Editor Load
[2015.01.23-17.32.20:717][  0]LogAssetRegistry: FAssetRegistry took 0.0109 seconds to start up
[2015.01.23-17.32.20:717][  0]LogDirectoryWatcher:Warning: Failed to begin reading directory changes for ../../../Engine/Plugins/Experimental/CharacterAI/Content/. Error: 0
[2015.01.23-17.32.21:202][  0]LogTargetPlatformManager:Display: Building Assets For Windows
[2015.01.23-17.32.21:560][  0]LogTargetPlatformManager:Display: Building Assets For Windows
[2015.01.23-17.32.23:669][  0]LogConsoleResponse:Display: 
[2015.01.23-17.32.23:716][  0]LogLinker:Warning: Asset '../../../Engine/Content/Functions/Engine_MaterialFunctions03/Procedurals/ComputeFilterWidth.uasset' has been saved with empty engine version. The asset will be loaded but may be incompatible.
[2015.01.23-17.32.23:905][  0]SourceControl: Info Source control is disabled
[2015.01.23-17.32.23:905][  0]Cmd: MAP LOAD FILE="../../../../../../Users/scorpheus/Desktop/IdK/source/IdK/Content/Maps/Example_Map.umap" TEMPLATE=0 SHOWPROGRESS=1
[2015.01.23-17.32.23:905][  0]LightingResults: New page: Lighting Build
[2015.01.23-17.32.23:914][  0]MapCheck: New page: Map Check
[2015.01.23-17.32.23:914][  0]LightingResults: New page: Lighting Build
[2015.01.23-17.32.23:925][  0]LogParticles: Destroying 0 GPU particle simulations for FXSystem 0x00000052CFDFFE20
[2015.01.23-17.32.24:284][  0]LogTexture:Display: Building textures: HQ_Lightmap0_1 (AutoDXT)
[2015.01.23-17.32.24:386][  0]LogTexture:Display: Building textures: HQ_Lightmap0_2 (AutoDXT)
[2015.01.23-17.32.24:392][  0]LogTexture:Display: Building textures: HQ_Lightmap1_2 (AutoDXT)
[2015.01.23-17.32.24:413][  0]LogTexture:Display: Building textures: LQ_Lightmap_0_1 (DXT1)
[2015.01.23-17.32.24:473][  0]LogTexture:Display: Building textures: LQ_Lightmap_1_2 (DXT1)
[2015.01.23-17.32.24:484][  0]LogTexture:Display: Building textures: ShadowMapTexture2D_0 (BGRA8)
[2015.01.23-17.32.24:510][  0]LogTexture:Display: Building textures: ShadowMapTexture2D_1 (BGRA8)
[2015.01.23-17.32.24:510][  0]LogTexture:Display: Building textures: ShadowMapTexture2D_2 (BGRA8)
[2015.01.23-17.32.24:518][  0]LogEditorServer: Finished looking for orphan Actors (0.000 secs)
[2015.01.23-17.32.24:518][  0]LogAIModule: Creating AISystem for world Example_Map
[2015.01.23-17.32.24:519][  0]Cmd: MAP CHECKDEP
[2015.01.23-17.32.24:519][  0]MapCheck: New page: Example_Map - Jan 23, 2015, 7:32:24 PM
[2015.01.23-17.32.24:601][  0]MapCheck: Info Map check complete: 0 Error(s), 0 Warning(s), took 81.488ms to complete.
[2015.01.23-17.32.24:601][  0]LogFileHelpers: Loading map 'Example_Map' took 0.696
[2015.01.23-17.32.24:702][  0]LogCollectionManager: Loaded 0 collections in 0.001076 seconds
[2015.01.23-17.32.24:860][  0]LogCrashTracker: Crashtracker disabled due to settings.
[2015.01.23-17.32.24:903][  0]LogLoad: Full Startup: 26.46 seconds (BP compile: 0.05 seconds)
[2015.01.23-17.32.25:378][  0]LogPackageName: SearchForPackageOnDisk took   0.073s to resolve LevelEditor.TutorialLaunchButton
[2015.01.23-17.32.25:378][  0]LogUObjectGlobals:Warning: LoadPackage can't find package LevelEditor.TutorialLaunchButton.
[2015.01.23-17.32.25:449][  0]LogPackageName: SearchForPackageOnDisk took   0.071s to resolve 
[2015.01.23-17.32.25:450][  0]LogUObjectGlobals:Warning: LoadPackage can't find package .
[2015.01.23-17.32.25:542][  0]LogRenderer:Warning: Reallocating scene render targets to support 992x872.
[2015.01.23-17.32.26:111][  2]LogAssetRegistry: Asset discovery search completed in 5.4057 seconds
[2015.01.23-17.32.43:101][243]Cmd: OBJ SAVEPACKAGE PACKAGE="/Game/Maps/Example_Map" FILE="../../../../../../Users/scorpheus/Desktop/IdK/source/IdK/Content/Maps/Example_Map.umap" SILENT=true AUTOSAVING=false KEEPDIRTY=false
[2015.01.23-17.32.43:341][243]LogSavePackage: Save=216.834824ms
[2015.01.23-17.32.43:341][243]LogSavePackage: Moving '../../../../../../Users/scorpheus/Desktop/IdK/source/IdK/Saved/Example_Map5706705542C7BD91BCE958905D9D3C11.tmp' to '../../../../../../Users/scorpheus/Desktop/IdK/source/IdK/Content/Maps/Example_Map.umap'
[2015.01.23-17.32.45:793][347]LogPlayLevel: PIE:  No blueprints needed recompiling
[2015.01.23-17.32.45:794][347]PIE: New page: PIE session: Example_Map (Jan 23, 2015, 7:32:45 PM)
[2015.01.23-17.32.45:817][347]LogPlayLevel: PIE: StaticDuplicateObject took: (0.023554s)
[2015.01.23-17.32.45:820][347]LogPlayLevel: PIE: World Init took: (0.002774s)
[2015.01.23-17.32.45:821][347]LogPlayLevel: PIE: Created PIE world by copying editor world from /Game/Maps/Example_Map.Example_Map to /Game/Maps/UEDPIE_0_Example_Map.Example_Map (0.026732s)
[2015.01.23-17.32.46:048][347]LogWorld: Game class is 'MyGame_C'
[2015.01.23-17.32.46:058][347]LogAIModule: Creating AISystem for world Example_Map
[2015.01.23-17.32.46:059][347]LogWorld: Bringing World /Game/Maps/UEDPIE_0_Example_Map.Example_Map up for play (max tick rate 0) at 2015.01.23-18.32.46
[2015.01.23-17.32.46:059][347]LogWorld: Bringing up level for play took: 0.001277
[2015.01.23-17.32.46:070][347]PIE: Info Play in editor start time for /Game/Maps/UEDPIE_0_Example_Map 0.341
[2015.01.23-17.32.58:464][955]LogParticles: Destroying 0 GPU particle simulations for FXSystem 0x00000052D26E6520
[2015.01.23-17.33.00:693][ 52]LogEditorViewport: Clicking on Actor (LMB): SphereReflectionCapture (SphereReflectionCapture)
[2015.01.23-17.33.03:317][158]LogEditorViewport: Clicking on Actor (LMB): PlayerStart (Player Start)
[2015.01.23-17.33.23:321][881]Cmd: QUIT_EDITOR
[2015.01.23-17.33.23:678][881]LogExit: Preparing to exit.
[2015.01.23-17.33.24:036][881]LogExit: Editor shut down
[2015.01.23-17.33.24:036][881]LogExit: Transaction tracking system shut down
[2015.01.23-17.33.24:037][881]LogParticles: Destroying 0 GPU particle simulations for FXSystem 0x00000052CADABA60
[2015.01.23-17.33.24:057][881]LogExit: Object subsystem successfully closed.
[2015.01.23-17.33.24:104][881]LogModuleManager: Shutting down and abandoning module AndroidDeviceDetection (172)
[2015.01.23-17.33.24:104][881]LogModuleManager: Shutting down and abandoning module CrashTracker (171)
[2015.01.23-17.33.24:104][881]LogModuleManager: Shutting down and abandoning module SuperSearch (170)
[2015.01.23-17.33.24:104][881]LogModuleManager: Shutting down and abandoning module SceneOutliner (169)
[2015.01.23-17.33.24:104][881]LogModuleManager: Shutting down and abandoning module EditorWidgets (168)
[2015.01.23-17.33.24:104][881]LogModuleManager: Shutting down and abandoning module CollectionManager (167)
[2015.01.23-17.33.24:105][881]LogModuleManager: Shutting down and abandoning module StatsViewer (166)
[2015.01.23-17.33.24:105][881]LogModuleManager: Shutting down and abandoning module FoliageEdit (165)
[2015.01.23-17.33.24:105][881]LogModuleManager: Shutting down and abandoning module LandscapeEditor (164)
[2015.01.23-17.33.24:105][881]LogModuleManager: Shutting down and abandoning module MeshPaint (163)
[2015.01.23-17.33.24:105][881]LogModuleManager: Shutting down and abandoning module ActorPickerMode (162)
[2015.01.23-17.33.24:105][881]LogModuleManager: Shutting down and abandoning module GeometryMode (161)
[2015.01.23-17.33.24:105][881]LogModuleManager: Shutting down and abandoning module TextureAlignMode (160)
[2015.01.23-17.33.24:105][881]LogModuleManager: Shutting down and abandoning module BspMode (159)
[2015.01.23-17.33.24:105][881]LogModuleManager: Shutting down and abandoning module PlacementMode (158)
[2015.01.23-17.33.24:105][881]LogModuleManager: Shutting down and abandoning module AutomationWorker (157)
[2015.01.23-17.33.24:105][881]LogModuleManager: Shutting down and abandoning module CharacterAI (156)
[2015.01.23-17.33.24:105][881]LogModuleManager: Shutting down and abandoning module GameProjectGeneration (155)
[2015.01.23-17.33.24:105][881]LogModuleManager: Shutting down and abandoning module IntroTutorials (154)
[2015.01.23-17.33.24:105][881]LogModuleManager: Shutting down and abandoning module EditorLiveStreaming (153)
[2015.01.23-17.33.24:105][881]LogModuleManager: Shutting down and abandoning module HardwareTargeting (152)
[2015.01.23-17.33.24:105][881]LogModuleManager: Shutting down and abandoning module DeviceProfileEditor (151)
[2015.01.23-17.33.24:105][881]LogModuleManager: Shutting down and abandoning module UndoHistory (150)
[2015.01.23-17.33.24:105][881]LogModuleManager: Shutting down and abandoning module GameplayTagsEditor (149)
[2015.01.23-17.33.24:105][881]LogModuleManager: Shutting down and abandoning module UserFeedback (148)
[2015.01.23-17.33.24:105][881]LogModuleManager: Shutting down and abandoning module XmlParser (147)
[2015.01.23-17.33.24:105][881]LogModuleManager: Shutting down and abandoning module Blutility (146)
[2015.01.23-17.33.24:105][881]LogModuleManager: Shutting down and abandoning module IOSPlatformEditor (145)
[2015.01.23-17.33.24:105][881]LogModuleManager: Shutting down and abandoning module IOSRuntimeSettings (144)
[2015.01.23-17.33.24:105][881]LogModuleManager: Shutting down and abandoning module AndroidPlatformEditor (143)
[2015.01.23-17.33.24:105][881]LogModuleManager: Shutting down and abandoning module AndroidRuntimeSettings (142)
[2015.01.23-17.33.24:105][881]LogModuleManager: Shutting down and abandoning module ProjectTargetPlatformEditor (141)
[2015.01.23-17.33.24:105][881]LogModuleManager: Shutting down and abandoning module ProjectSettingsViewer (140)
[2015.01.23-17.33.24:105][881]LogModuleManager: Shutting down and abandoning module InputBindingEditor (139)
[2015.01.23-17.33.24:105][881]LogModuleManager: Shutting down and abandoning module EditorSettingsViewer (138)
[2015.01.23-17.33.24:105][881]LogModuleManager: Shutting down and abandoning module SettingsEditor (137)
[2015.01.23-17.33.24:105][881]LogModuleManager: Shutting down and abandoning module ProjectLauncher (136)
[2015.01.23-17.33.24:105][881]LogModuleManager: Shutting down and abandoning module SessionFrontend (135)
[2015.01.23-17.33.24:105][881]LogModuleManager: Shutting down and abandoning module ProfilerClient (134)
[2015.01.23-17.33.24:105][881]LogModuleManager: Shutting down and abandoning module TargetDeviceServices (133)
[2015.01.23-17.33.24:106][881]LogModuleManager: Shutting down and abandoning module DeviceManager (132)
[2015.01.23-17.33.24:106][881]LogModuleManager: Shutting down and abandoning module AutomationController (131)
[2015.01.23-17.33.24:106][881]LogModuleManager: Shutting down and abandoning module AutomationWindow (130)
[2015.01.23-17.33.24:106][881]LogModuleManager: Shutting down and abandoning module Layers (129)
[2015.01.23-17.33.24:106][881]LogModuleManager: Shutting down and abandoning module ComponentVisualizers (128)
[2015.01.23-17.33.24:106][881]LogModuleManager: Shutting down and abandoning module DetailCustomizations (127)
[2015.01.23-17.33.24:106][881]LogModuleManager: Shutting down and abandoning module PackagesDialog (126)
[2015.01.23-17.33.24:106][881]LogModuleManager: Shutting down and abandoning module AssetRegistry (125)
[2015.01.23-17.33.24:221][881]LogModuleManager: Shutting down and abandoning module Persona (124)
[2015.01.23-17.33.24:221][881]LogModuleManager: Shutting down and abandoning module Kismet (123)
[2015.01.23-17.33.24:221][881]LogModuleManager: Shutting down and abandoning module GraphEditor (122)
[2015.01.23-17.33.24:221][881]LogModuleManager: Shutting down and abandoning module ClassViewer (121)
[2015.01.23-17.33.24:221][881]LogModuleManager: Shutting down and abandoning module Toolbox (120)
[2015.01.23-17.33.24:221][881]LogModuleManager: Shutting down and abandoning module ModuleUI (119)
[2015.01.23-17.33.24:221][881]LogModuleManager: Shutting down and abandoning module MovieSceneTools (118)
[2015.01.23-17.33.24:221][881]LogModuleManager: Shutting down and abandoning module OutputLog (117)
[2015.01.23-17.33.24:221][881]LogModuleManager: Shutting down and abandoning module GammaUI (116)
[2015.01.23-17.33.24:221][881]LogModuleManager: Shutting down and abandoning module Documentation (115)
[2015.01.23-17.33.24:221][881]LogModuleManager: Shutting down and abandoning module GameLiveStreaming (114)
[2015.01.23-17.33.24:221][881]LogModuleManager: Shutting down and abandoning module StreamingPauseRendering (113)
[2015.01.23-17.33.24:221][881]LogModuleManager: Shutting down and abandoning module HTTP (112)
[2015.01.23-17.33.24:221][881]LogModuleManager: Shutting down and abandoning module AnalyticsET (111)
[2015.01.23-17.33.24:221][881]LogModuleManager: Shutting down and abandoning module Analytics (110)
[2015.01.23-17.33.24:221][881]LogModuleManager: Shutting down and abandoning module AITestSuite (109)
[2015.01.23-17.33.24:221][881]LogModuleManager: Shutting down and abandoning module AIModule (108)
[2015.01.23-17.33.24:221][881]LogModuleManager: Shutting down and abandoning module ProfilerService (107)
[2015.01.23-17.33.24:402][881]LogModuleManager: Shutting down and abandoning module TaskGraph (106)
[2015.01.23-17.33.24:402][881]LogModuleManager: Shutting down and abandoning module GameplayDebugger (105)
[2015.01.23-17.33.24:402][881]LogModuleManager: Shutting down and abandoning module SlateRemote (104)
[2015.01.23-17.33.24:402][881]LogModuleManager: Shutting down and abandoning module ScriptEditorPlugin (103)
[2015.01.23-17.33.24:402][881]LogModuleManager: Shutting down and abandoning module CustomMeshComponent (102)
[2015.01.23-17.33.24:402][881]LogModuleManager: Shutting down and abandoning module CableComponent (101)
[2015.01.23-17.33.24:402][881]LogModuleManager: Shutting down and abandoning module MessagingDebugger (100)
[2015.01.23-17.33.24:402][881]LogModuleManager: Shutting down and abandoning module MediaPlayerEditor (99)
[2015.01.23-17.33.24:402][881]LogModuleManager: Shutting down and abandoning module SpeedTreeImporter (98)
[2015.01.23-17.33.24:403][881]LogModuleManager: Shutting down and abandoning module PluginsEditor (97)
[2015.01.23-17.33.24:403][881]LogModuleManager: Shutting down and abandoning module EpicSurvey (96)
[2015.01.23-17.33.24:403][881]LogModuleManager: Shutting down and abandoning module DesktopPlatform (95)
[2015.01.23-17.33.24:403][881]LogModuleManager: Shutting down and abandoning module VisualStudioSourceCodeAccess (94)
[2015.01.23-17.33.24:403][881]LogModuleManager: Shutting down and abandoning module UObjectPlugin (93)
[2015.01.23-17.33.24:403][881]LogModuleManager: Shutting down and abandoning module SubversionSourceControl (92)
[2015.01.23-17.33.24:403][881]LogModuleManager: Shutting down and abandoning module SourceControl (91)
[2015.01.23-17.33.24:403][881]LogModuleManager: Shutting down and abandoning module PerforceSourceControl (90)
[2015.01.23-17.33.24:403][881]LogModuleManager: Shutting down and abandoning module BlankPlugin (89)
[2015.01.23-17.33.24:403][881]LogModuleManager: Shutting down and abandoning module SlateReflector (88)
[2015.01.23-17.33.24:403][881]LogModuleManager: Shutting down and abandoning module DirectoryWatcher (87)
[2015.01.23-17.33.24:404][881]LogModuleManager: Shutting down and abandoning module HotReload (86)
[2015.01.23-17.33.24:404][881]LogModuleManager: Shutting down and abandoning module MainFrame (85)
[2015.01.23-17.33.24:404][881]LogModuleManager: Shutting down and abandoning module LevelEditor (84)
[2015.01.23-17.33.24:406][881]LogModuleManager: Shutting down and abandoning module ViewportSnapping (83)
[2015.01.23-17.33.24:406][881]LogModuleManager: Shutting down and abandoning module SmartSnapping (82)
[2015.01.23-17.33.24:406][881]LogModuleManager: Shutting down and abandoning module PaperTiledImporter (81)
[2015.01.23-17.33.24:406][881]LogModuleManager: Shutting down and abandoning module PaperJsonImporter (80)
[2015.01.23-17.33.24:406][881]LogModuleManager: Shutting down and abandoning module ContentBrowser (79)
[2015.01.23-17.33.24:406][881]LogModuleManager: Shutting down and abandoning module Paper2DEditor (78)
[2015.01.23-17.33.24:406][881]LogModuleManager: Shutting down and abandoning module ScriptPlugin (77)
[2015.01.23-17.33.24:406][881]LogModuleManager: Shutting down and abandoning module UdpMessaging (76)
[2015.01.23-17.33.24:507][881]LogModuleManager: Shutting down and abandoning module Paper2D (75)
[2015.01.23-17.33.24:507][881]LogModuleManager: Shutting down and abandoning module UE4Game (74)
[2015.01.23-17.33.24:507][881]LogModuleManager: Shutting down and abandoning module WindowsMoviePlayer (73)
[2015.01.23-17.33.24:509][881]LogModuleManager: Shutting down and abandoning module Media (72)
[2015.01.23-17.33.24:509][881]LogModuleManager: Shutting down and abandoning module WmfMedia (71)
[2015.01.23-17.33.24:509][881]LogModuleManager: Shutting down and abandoning module OnlineBlueprintSupport (70)
[2015.01.23-17.33.24:509][881]LogModuleManager: Shutting down and abandoning module PropertyEditor (69)
[2015.01.23-17.33.24:509][881]LogModuleManager: Shutting down and abandoning module BehaviorTreeEditor (68)
[2015.01.23-17.33.24:509][881]LogModuleManager: Shutting down and abandoning module FunctionalTesting (67)
[2015.01.23-17.33.24:509][881]LogModuleManager: Shutting down and abandoning module CollisionAnalyzer (66)
[2015.01.23-17.33.24:509][881]LogModuleManager: Shutting down and abandoning module WorkspaceMenuStructure (65)
[2015.01.23-17.33.24:509][881]LogModuleManager: Shutting down and abandoning module MessageLog (64)
[2015.01.23-17.33.24:509][881]LogModuleManager: Shutting down and abandoning module Sequencer (63)
[2015.01.23-17.33.24:509][881]LogModuleManager: Shutting down and abandoning module AssetTools (62)
[2015.01.23-17.33.24:509][881]LogModuleManager: Shutting down and abandoning module UMGEditor (61)
[2015.01.23-17.33.24:509][881]LogModuleManager: Shutting down and abandoning module UMG (60)
[2015.01.23-17.33.24:509][881]LogModuleManager: Shutting down and abandoning module Slate (59)
[2015.01.23-17.33.24:509][881]LogModuleManager: Shutting down and abandoning module EditorStyle (58)
[2015.01.23-17.33.24:512][881]LogModuleManager: Shutting down and abandoning module SessionServices (57)
[2015.01.23-17.33.24:512][881]LogModuleManager: Shutting down and abandoning module SourceCodeAccess (56)
[2015.01.23-17.33.24:512][881]LogModuleManager: Shutting down and abandoning module HeadMountedDisplay (55)
[2015.01.23-17.33.24:512][881]LogModuleManager: Shutting down and abandoning module XAudio2 (54)
[2015.01.23-17.33.24:512][881]LogModuleManager: Shutting down and abandoning module Networking (52)
[2015.01.23-17.33.24:512][881]LogModuleManager: Shutting down and abandoning module Core (51)
[2015.01.23-17.33.24:512][881]LogModuleManager: Shutting down and abandoning module KismetCompiler (50)
[2015.01.23-17.33.24:512][881]LogModuleManager: Shutting down and abandoning module PhysXFormats (49)
[2015.01.23-17.33.24:512][881]LogModuleManager: Shutting down and abandoning module MeshUtilities (48)
[2015.01.23-17.33.24:512][881]LogModuleManager: Shutting down and abandoning module DerivedDataCache (47)
[2015.01.23-17.33.24:684][881]LogDerivedDataCache: Shutdown
[2015.01.23-17.33.24:684][881]LogModuleManager: Shutting down and abandoning module ShaderFormatOpenGL (46)
[2015.01.23-17.33.24:684][881]LogModuleManager: Shutting down and abandoning module ShaderFormatD3D (45)
[2015.01.23-17.33.24:684][881]LogModuleManager: Shutting down and abandoning module MetalShaderFormat (44)
[2015.01.23-17.33.24:685][881]LogModuleManager: Shutting down and abandoning module TextureFormatUncompressed (43)
[2015.01.23-17.33.24:685][881]LogModuleManager: Shutting down and abandoning module TextureFormatPVR (42)
[2015.01.23-17.33.24:685][881]LogModuleManager: Shutting down and abandoning module TextureFormatDXT (41)
[2015.01.23-17.33.24:685][881]LogModuleManager: Shutting down and abandoning module TextureFormatAndroid (40)
[2015.01.23-17.33.24:685][881]LogModuleManager: Shutting down and abandoning module AudioFormatOpus (39)
[2015.01.23-17.33.24:685][881]LogModuleManager: Shutting down and abandoning module AudioFormatOgg (38)
[2015.01.23-17.33.24:685][881]LogModuleManager: Shutting down and abandoning module AudioFormatADPCM (37)
[2015.01.23-17.33.24:685][881]LogModuleManager: Shutting down and abandoning module LinuxTargetPlatform (36)
[2015.01.23-17.33.24:685][881]LogModuleManager: Shutting down and abandoning module LinuxServerTargetPlatform (35)
[2015.01.23-17.33.24:685][881]LogModuleManager: Shutting down and abandoning module LinuxNoEditorTargetPlatform (34)
[2015.01.23-17.33.24:685][881]LogModuleManager: Shutting down and abandoning module Messaging (33)
[2015.01.23-17.33.24:685][881]LogModuleManager: Shutting down and abandoning module IOSTargetPlatform (32)
[2015.01.23-17.33.24:685][881]LogModuleManager: Shutting down and abandoning module Android_PVRTCTargetPlatform (31)
[2015.01.23-17.33.24:685][881]LogModuleManager: Shutting down and abandoning module Android_ETC2TargetPlatform (30)
[2015.01.23-17.33.24:685][881]LogModuleManager: Shutting down and abandoning module Android_ETC1TargetPlatform (29)
[2015.01.23-17.33.24:685][881]LogModuleManager: Shutting down and abandoning module Android_DXTTargetPlatform (28)
[2015.01.23-17.33.24:685][881]LogModuleManager: Shutting down and abandoning module Android_ATCTargetPlatform (27)
[2015.01.23-17.33.24:685][881]LogModuleManager: Shutting down and abandoning module AndroidTargetPlatform (26)
[2015.01.23-17.33.24:685][881]LogModuleManager: Shutting down and abandoning module WindowsTargetPlatform (25)
[2015.01.23-17.33.24:685][881]LogModuleManager: Shutting down and abandoning module WindowsServerTargetPlatform (24)
[2015.01.23-17.33.24:685][881]LogModuleManager: Shutting down and abandoning module WindowsNoEditorTargetPlatform (23)
[2015.01.23-17.33.24:685][881]LogModuleManager: Shutting down and abandoning module WindowsClientTargetPlatform (22)
[2015.01.23-17.33.24:685][881]LogModuleManager: Shutting down and abandoning module TargetPlatform (21)
[2015.01.23-17.33.24:685][881]LogModuleManager: Shutting down and abandoning module InputCore (20)
[2015.01.23-17.33.24:685][881]LogModuleManager: Shutting down and abandoning module Settings (19)
[2015.01.23-17.33.24:685][881]LogModuleManager: Shutting down and abandoning module ImageWrapper (18)
[2015.01.23-17.33.24:685][881]LogModuleManager: Shutting down and abandoning module OculusRift (15)
[2015.01.23-17.33.24:685][881]LogModuleManager: Shutting down and abandoning module ExampleDeviceProfileSelector (14)
[2015.01.23-17.33.24:685][881]LogModuleManager: Shutting down and abandoning module TextureCompressor (13)
[2015.01.23-17.33.24:685][881]LogModuleManager: Shutting down and abandoning module ShaderCore (12)
[2015.01.23-17.33.24:685][881]LogModuleManager: Shutting down and abandoning module Landscape (11)
[2015.01.23-17.33.24:685][881]LogModuleManager: Shutting down and abandoning module SlateRHIRenderer (10)
[2015.01.23-17.33.24:685][881]LogModuleManager: Shutting down and abandoning module OpenGLDrv (9)
[2015.01.23-17.33.24:685][881]LogModuleManager: Shutting down and abandoning module D3D11RHI (8)
[2015.01.23-17.33.24:685][881]LogModuleManager: Shutting down and abandoning module Renderer (7)
[2015.01.23-17.33.24:685][881]LogModuleManager: Shutting down and abandoning module Engine (6)
[2015.01.23-17.33.24:685][881]LogModuleManager: Shutting down and abandoning module CoreUObject (5)
[2015.01.23-17.33.24:685][881]LogModuleManager: Shutting down and abandoning module NetworkFile (4)
[2015.01.23-17.33.24:685][881]LogModuleManager: Shutting down and abandoning module StreamingFile (3)
[2015.01.23-17.33.24:685][881]LogModuleManager: Shutting down and abandoning module SandboxFile (2)
[2015.01.23-17.33.24:685][881]LogModuleManager: Shutting down and abandoning module PakFile (1)
[2015.01.23-17.33.24:686][881]LogExit: Exiting.
[2015.01.23-17.33.24:700][881]Log file closed, 01/23/15 18:33:24
